[debug] [2019-06-25T12:46:31.757Z] ----------------------------------------------------------------------
[debug] [2019-06-25T12:46:31.758Z] Command:       /Users/katerinaskroumpelou/.nvm/versions/node/v10.15.3/bin/node /Users/katerinaskroumpelou/.nvm/versions/node/v10.15.3/bin/firebase deploy
[debug] [2019-06-25T12:46:31.759Z] CLI Version:   7.0.1
[debug] [2019-06-25T12:46:31.759Z] Platform:      darwin
[debug] [2019-06-25T12:46:31.759Z] Node Version:  v10.15.3
[debug] [2019-06-25T12:46:31.759Z] Time:          Tue Jun 25 2019 15:46:31 GMT+0300 (Eastern European Summer Time)
[debug] [2019-06-25T12:46:31.759Z] ----------------------------------------------------------------------
[debug] 
[debug] [2019-06-25T12:46:31.765Z] > command requires scopes: ["email","openid","https://www.googleapis.com/auth/cloudplatformprojects.readonly","https://www.googleapis.com/auth/firebase","https://www.googleapis.com/auth/cloud-platform"]
[debug] [2019-06-25T12:46:31.766Z] > authorizing via signed-in user
[debug] [2019-06-25T12:46:31.766Z] [iam] checking project house-parser for permissions ["cloudfunctions.functions.create","cloudfunctions.functions.delete","cloudfunctions.functions.get","cloudfunctions.functions.list","cloudfunctions.functions.update","cloudfunctions.operations.get","datastore.indexes.create","datastore.indexes.delete","datastore.indexes.list","datastore.indexes.update","firebase.projects.get","firebasehosting.sites.update"]
[debug] [2019-06-25T12:46:31.767Z] >>> HTTP REQUEST POST https://cloudresourcemanager.googleapis.com/v1/projects/house-parser:testIamPermissions  

[debug] [2019-06-25T12:46:32.892Z] <<< HTTP RESPONSE 200
[debug] [2019-06-25T12:46:32.895Z] >>> HTTP REQUEST GET https://firebase.googleapis.com/v1beta1/projects/house-parser  
 
[debug] [2019-06-25T12:46:33.428Z] <<< HTTP RESPONSE 200
[info] 
[info] === Deploying to 'house-parser'...
[info] 
[info] i  deploying firestore, functions, hosting
[info] Running command: npm --prefix "$RESOURCE_DIR" run build
[info] ✔  functions: Finished running predeploy script.
[info] i  firestore: checking firestore.rules for compilation errors...
[info] i  firestore: reading indexes from firestore.indexes.json...
[debug] [2019-06-25T12:46:37.461Z] >>> HTTP REQUEST POST https://firebaserules.googleapis.com/v1/projects/house-parser:test  

[debug] [2019-06-25T12:46:38.526Z] <<< HTTP RESPONSE 200
[info] ✔  firestore: rules file firestore.rules compiled successfully
[debug] [2019-06-25T12:46:38.528Z] > [functions] package.json contents: {
  "name": "functions",
  "scripts": {
    "build": "tsc",
    "serve": "npm run build && firebase serve --only functions",
    "shell": "npm run build && firebase functions:shell",
    "start": "npm run shell",
    "deploy": "firebase deploy --only functions",
    "logs": "firebase functions:log"
  },
  "engines": {
    "node": "8"
  },
  "main": "lib/index.js",
  "dependencies": {
    "cheerio": "^1.0.0-rc.3",
    "crypto": "^1.0.1",
    "firebase-admin": "^8.0.0",
    "firebase-functions": "^3.0.0",
    "request": "^2.88.0",
    "request-promise": "^4.2.4"
  },
  "devDependencies": {
    "@types/cheerio": "^0.22.11",
    "@types/request-promise": "^4.1.44",
    "typescript": "^3.2.2"
  },
  "private": true
}
[info] i  functions: ensuring necessary APIs are enabled...
[debug] [2019-06-25T12:46:38.529Z] >>> HTTP REQUEST GET https://servicemanagement.googleapis.com/v1/services/cloudfunctions.googleapis.com/projectSettings/house-parser?view=CONSUMER_VIEW  
 
[debug] [2019-06-25T12:46:38.529Z] >>> HTTP REQUEST GET https://servicemanagement.googleapis.com/v1/services/runtimeconfig.googleapis.com/projectSettings/house-parser?view=CONSUMER_VIEW  
 
[debug] [2019-06-25T12:46:40.280Z] <<< HTTP RESPONSE 200
[debug] [2019-06-25T12:46:40.453Z] <<< HTTP RESPONSE 200
[info] ✔  functions: all necessary APIs are enabled
[debug] [2019-06-25T12:46:40.454Z] >>> HTTP REQUEST GET https://cloudresourcemanager.googleapis.com/v1/projects/house-parser  
 
[debug] [2019-06-25T12:46:41.443Z] <<< HTTP RESPONSE 200
[debug] [2019-06-25T12:46:41.443Z] >>> HTTP REQUEST GET https://mobilesdk-pa.googleapis.com/v1/projects/449784049022:getServerAppConfig  
 
[debug] [2019-06-25T12:46:41.931Z] <<< HTTP RESPONSE 200
[debug] [2019-06-25T12:46:41.933Z] >>> HTTP REQUEST POST https://firebasehosting.googleapis.com/v1beta1/sites/house-parser/versions  

[debug] [2019-06-25T12:46:43.600Z] <<< HTTP RESPONSE 200
[info] i  firestore: uploading rules firestore.rules...
[debug] [2019-06-25T12:46:43.602Z] >>> HTTP REQUEST POST https://firebaserules.googleapis.com/v1/projects/house-parser/rulesets  

[debug] [2019-06-25T12:46:43.603Z] >>> HTTP REQUEST GET https://firestore.googleapis.com/v1beta2/projects/house-parser/databases/(default)/collectionGroups/-/indexes  
 
[debug] [2019-06-25T12:46:44.251Z] <<< HTTP RESPONSE 200
[debug] [2019-06-25T12:46:44.251Z] >>> HTTP REQUEST GET https://firestore.googleapis.com/v1beta2/projects/house-parser/databases/(default)/collectionGroups/-/fields?filter=indexConfig.usesAncestorConfig=false  
 
[debug] [2019-06-25T12:46:44.698Z] <<< HTTP RESPONSE 200
[debug] [2019-06-25T12:46:44.698Z] [rules] created ruleset projects/house-parser/rulesets/17c3ea66-07c8-4b8c-8367-1e106ee127c9
[debug] [2019-06-25T12:46:44.716Z] <<< HTTP RESPONSE 200
[info] ✔  firestore: deployed indexes in firestore.indexes.json successfully
[info] i  functions: preparing functions directory for uploading...
[debug] [2019-06-25T12:46:44.718Z] >>> HTTP REQUEST GET https://runtimeconfig.googleapis.com/v1beta1/projects/house-parser/configs  
 
[debug] [2019-06-25T12:46:46.121Z] <<< HTTP RESPONSE 200
[info] i  functions: packaged functions (38.75 KB) for uploading
[debug] [2019-06-25T12:46:46.499Z] >>> HTTP REQUEST POST https://cloudfunctions.googleapis.com/v1/projects/house-parser/locations/us-central1/functions:generateUploadUrl  
 
[debug] [2019-06-25T12:46:47.224Z] <<< HTTP RESPONSE 200
[debug] [2019-06-25T12:46:47.225Z] >>> HTTP REQUEST PUT https://storage.googleapis.com/gcf-upload-us-central1-95dfd314-d302-4dec-8760-033d5296c652/4b59cf0e-db8a-491c-9a8b-dd8805a14900.zip?GoogleAccessId=service-449784049022@gcf-admin-robot.iam.gserviceaccount.com&Expires=1561468607&Signature=mvsHTNYzwrYEUg3%2F0Bzc9VUtPNOTxw2IC5F52h1JQTgcagVMsMd4TS0CwlYoZVvASocywjTTgxVAV5ptO7PrDRn7V6n7%2FTwW12VqEbFAK1W59zhgkBVNW4BW9yZsFnka9GV6%2FCCdclRCSs0gj88B3xYA6sB2pAlDbuxRZn5tqaU2oE4KaiMFW1nKMsSL6R0lHIXhejSJFsPgUFiKQvZsXXLXyJXOB1zWWmf4%2Bdj57dLauZSMOP0bjtXSZHJFKJMslDK9QENu2%2BFejcWsI2jhEXsyPfRJOTs6pwuEaU9hwlNpOLCsZuZ68aY1Icd%2BRbbiwxQermDU3hCCjl2RoYjKdQ%3D%3D  

[debug] [2019-06-25T12:46:48.288Z] <<< HTTP RESPONSE 200
[info] ✔  functions: functions folder uploaded successfully
[info] i  hosting[house-parser]: beginning deploy...
[info] i  hosting[house-parser]: found 22 files in dist/homeparser
[debug] [2019-06-25T12:46:48.298Z] [hosting] hash cache [ZGlzdC9ob21lcGFyc2Vy] not populated
[debug] [2019-06-25T12:46:48.358Z] [hosting] hash cache [ZGlzdC9ob21lcGFyc2Vy] stored for 22 files
[debug] [2019-06-25T12:46:48.358Z] [hosting][hash queue][FINAL]
[debug] [2019-06-25T12:46:48.358Z] >>> HTTP REQUEST POST https://firebasehosting.googleapis.com/v1beta1/sites/house-parser/versions/4ed879505e1804a6:populateFiles  
 <request body omitted>
[debug] [2019-06-25T12:46:50.094Z] <<< HTTP RESPONSE 200
[debug] [2019-06-25T12:46:50.109Z] [hosting][populate queue][FINAL]
[debug] [2019-06-25T12:46:50.109Z] [hosting] uploads queued: 22
